2023-04-02 23:22:49.926364 - Initialized conversion of CBT315
2023-04-02 23:22:50.257917 - Received CBT.V504.FILE315.PDS from FILE315.XMI 
2023-04-02 23:22:50.260262 - Found $$$#DATE.txt (text/plain) in CBT.V504.FILE315.PDS, moved to PDS/$$$#DATE
2023-04-02 23:22:50.261280 - Found $DOC.txt (text/plain) in CBT.V504.FILE315.PDS, moved to PDS/$DOC
2023-04-02 23:22:50.262675 - Found @FILE315.txt (text/plain) in CBT.V504.FILE315.PDS, moved to PDS/@FILE315
2023-04-02 23:22:50.263666 - Found BITMAP.txt (text/plain) in CBT.V504.FILE315.PDS, moved to PDS/BITMAP
2023-04-02 23:22:50.264912 - Found BMSS.txt (text/plain) in CBT.V504.FILE315.PDS, moved to PDS/BMSS
2023-04-02 23:22:50.265878 - Found BOMB.txt (text/plain) in CBT.V504.FILE315.PDS, moved to PDS/BOMB
2023-04-02 23:22:50.266800 - Found COBDB2.jcl (text/plain) in CBT.V504.FILE315.PDS, moved to PDS/COBDB2
2023-04-02 23:22:50.267881 - Found COB1.txt (text/plain) in CBT.V504.FILE315.PDS, moved to PDS/COB1
2023-04-02 23:22:50.269142 - Found COB2.txt (text/plain) in CBT.V504.FILE315.PDS, moved to PDS/COB2
2023-04-02 23:22:50.270078 - Found COB370.jcl (text/plain) in CBT.V504.FILE315.PDS, moved to PDS/COB370
2023-04-02 23:22:50.271027 - Found COPYANY.txt (text/plain) in CBT.V504.FILE315.PDS, moved to PDS/COPYANY
2023-04-02 23:22:50.272152 - Found CPUID.txt (text/plain) in CBT.V504.FILE315.PDS, moved to PDS/CPUID
2023-04-02 23:22:50.273115 - Found CSTRACE.txt (text/plain) in CBT.V504.FILE315.PDS, moved to PDS/CSTRACE
2023-04-02 23:22:50.274050 - Found CVD.txt (text/plain) in CBT.V504.FILE315.PDS, moved to PDS/CVD
2023-04-02 23:22:50.275146 - Found CVX.txt (text/plain) in CBT.V504.FILE315.PDS, moved to PDS/CVX
2023-04-02 23:22:50.276142 - Found DBALPHA.txt (text/plain) in CBT.V504.FILE315.PDS, moved to PDS/DBALPHA
2023-04-02 23:22:50.277163 - Found DBWAIT.txt (text/plain) in CBT.V504.FILE315.PDS, moved to PDS/DBWAIT
2023-04-02 23:22:50.278055 - Found DDCHECK.txt (text/plain) in CBT.V504.FILE315.PDS, moved to PDS/DDCHECK
2023-04-02 23:22:50.278952 - Found DRIVER.jcl (text/plain) in CBT.V504.FILE315.PDS, moved to PDS/DRIVER
2023-04-02 23:22:50.278964 - Found DYNALC.x-empty containing application/x-empty, moved to PDS/DYNALC
2023-04-02 23:22:50.281009 - Found DYNAM.txt (text/plain) in CBT.V504.FILE315.PDS, moved to PDS/DYNAM
2023-04-02 23:22:50.281893 - Found ERASER.txt (text/plain) in CBT.V504.FILE315.PDS, moved to PDS/ERASER
2023-04-02 23:22:50.282814 - Found FLATLIB.txt (text/plain) in CBT.V504.FILE315.PDS, moved to PDS/FLATLIB
2023-04-02 23:22:50.283932 - Found HLASM.jcl (text/plain) in CBT.V504.FILE315.PDS, moved to PDS/HLASM
2023-04-02 23:22:50.284877 - Found JC.jcl (text/plain) in CBT.V504.FILE315.PDS, moved to PDS/JC
2023-04-02 23:22:50.285947 - Found LNKLST00.jcl (text/plain) in CBT.V504.FILE315.PDS, moved to PDS/LNKLST00
2023-04-02 23:22:50.286898 - Found MEMLIST.txt (text/plain) in CBT.V504.FILE315.PDS, moved to PDS/MEMLIST
2023-04-02 23:22:50.287886 - Found MIGRATOR.txt (text/plain) in CBT.V504.FILE315.PDS, moved to PDS/MIGRATOR
2023-04-02 23:22:50.288804 - Found NATSUB.txt (text/plain) in CBT.V504.FILE315.PDS, moved to PDS/NATSUB
2023-04-02 23:22:50.289673 - Found PARSIFAL.txt (text/plain) in CBT.V504.FILE315.PDS, moved to PDS/PARSIFAL
2023-04-02 23:22:50.290531 - Found PLI370.jcl (text/plain) in CBT.V504.FILE315.PDS, moved to PDS/PLI370
2023-04-02 23:22:50.291573 - Found QDUMP80.txt (text/plain) in CBT.V504.FILE315.PDS, moved to PDS/QDUMP80
2023-04-02 23:22:50.292477 - Found RBITMAP.jcl (text/plain) in CBT.V504.FILE315.PDS, moved to PDS/RBITMAP
2023-04-02 23:22:50.293437 - Found RBMSS.jcl (text/plain) in CBT.V504.FILE315.PDS, moved to PDS/RBMSS
2023-04-02 23:22:50.294615 - Found RCOBXREF.jcl (text/plain) in CBT.V504.FILE315.PDS, moved to PDS/RCOBXREF
2023-04-02 23:22:50.295546 - Found RCOPYANY.jcl (text/plain) in CBT.V504.FILE315.PDS, moved to PDS/RCOPYANY
2023-04-02 23:22:50.296455 - Found RCPUID.jcl (text/plain) in CBT.V504.FILE315.PDS, moved to PDS/RCPUID
2023-04-02 23:22:50.297385 - Found RDBALPHA.jcl (text/plain) in CBT.V504.FILE315.PDS, moved to PDS/RDBALPHA
2023-04-02 23:22:50.298303 - Found RDBWAIT.jcl (text/plain) in CBT.V504.FILE315.PDS, moved to PDS/RDBWAIT
2023-04-02 23:22:50.299716 - Found REGS.txt (text/plain) in CBT.V504.FILE315.PDS, moved to PDS/REGS
2023-04-02 23:22:50.300719 - Found RERASER.jcl (text/plain) in CBT.V504.FILE315.PDS, moved to PDS/RERASER
2023-04-02 23:22:50.301604 - Found RFLATLIB.jcl (text/plain) in CBT.V504.FILE315.PDS, moved to PDS/RFLATLIB
2023-04-02 23:22:50.302965 - Found RMIGR.jcl (text/plain) in CBT.V504.FILE315.PDS, moved to PDS/RMIGR
2023-04-02 23:22:50.304089 - Found RNATSUB.jcl (text/plain) in CBT.V504.FILE315.PDS, moved to PDS/RNATSUB
2023-04-02 23:22:50.305071 - Found RQDUMP80.jcl (text/plain) in CBT.V504.FILE315.PDS, moved to PDS/RQDUMP80
2023-04-02 23:22:50.305972 - Found RSLEEPY.jcl (text/plain) in CBT.V504.FILE315.PDS, moved to PDS/RSLEEPY
2023-04-02 23:22:50.307396 - Found RTODAY.jcl (text/plain) in CBT.V504.FILE315.PDS, moved to PDS/RTODAY
2023-04-02 23:22:50.308351 - Found RVOLLIE.jcl (text/plain) in CBT.V504.FILE315.PDS, moved to PDS/RVOLLIE
2023-04-02 23:22:50.309256 - Found RVSAMZAP.jcl (text/plain) in CBT.V504.FILE315.PDS, moved to PDS/RVSAMZAP
2023-04-02 23:22:50.310146 - Found SLEEPY.txt (text/plain) in CBT.V504.FILE315.PDS, moved to PDS/SLEEPY
2023-04-02 23:22:50.311535 - Found TODAY.txt (text/plain) in CBT.V504.FILE315.PDS, moved to PDS/TODAY
2023-04-02 23:22:50.312745 - Found VOLLIE.jcl (text/plain) in CBT.V504.FILE315.PDS, moved to PDS/VOLLIE
2023-04-02 23:22:50.313887 - Found VSAMZAP.txt (text/plain) in CBT.V504.FILE315.PDS, moved to PDS/VSAMZAP
